commit 0b99d902593e475815d9a4ee488e654c09ca46b2
Author: Shuoyi Yang <yangshy2012@gmail.com>
Date:   Tue Jun 7 00:53:24 2016 -0500

    This closes #6 by giving the correct unit tests instead of 1

commit de030df63c5307c0c12cff0bd3dc8f7377d30625
Author: yang1102 <yangshy2012@gmail.com>
Date:   Mon Jun 6 17:43:56 2016 -0500

    Fix .travis.yml to make test
    
    After taking class on Monday, the Professor said we don't have to worry about Travis CI detecting branches. Therefore I removed the blacklist and whitelist.

commit 51476054028b7021bb5cd4d3f14bf8689df22286
Author: Shuoyi Yang <syang2@cs.utexas.edu>
Date:   Mon Jun 6 17:36:57 2016 -0500

    This closes #5 by running make test on CS machine and after it successfully build, push it to my private code repo and then test on Travis CI

commit 75ad87f1c461f28ed75c404c002f93d309beed05
Author: yang1102 <yangshy2012@gmail.com>
Date:   Mon Jun 6 00:06:50 2016 -0500

    Update .travis.yml

commit 53742d2c7d6a0db7d6f206928007a3f4e66f315f
Author: Shuoyi Yang <yangshy2012@gmail.com>
Date:   Mon Jun 6 00:03:36 2016 -0500

    Build specific branches

commit a359675ad51d369d00069f651d01e8d838018a0f
Author: Shuoyi Yang <yangshy2012@gmail.com>
Date:   Sun Jun 5 23:42:55 2016 -0500

    start building travis

commit 60ed26ad6a6ae67fbab9e43f3d34d493444503dd
Author: yang1102 <yangshy2012@gmail.com>
Date:   Sun Jun 5 21:26:08 2016 -0500

    Initial commit
