1 10 20
100 200 125
201 210 89
900 1000 174
1 999999 525
999999 1 525
36 327 144
548 1245 182
645 1141 179
283 718 171
740 1362 182
229 429 144
987 1248 182
557 571 106
873 1765 182
86 168 122
385 460 134
717 1059 179
817 982 179
446 795 171
708 770 153
655 1040 179
316 1114 179
561 768 171
4 757 171
45 726 171
197 889 179
9193 15267 276
899 7721 262
8986 14139 276
8096 13003 268
243 334 144
8631 18020 279
9607 17148 276
4726 7738 262
813 861 148
1050 8024 262
436 4390 238
7725 13850 276
9821 19328 279
4907 5160 210
3694 7210 262
9852 17088 276
9209 12639 268
4137 4645 215
3630 5793 238
29792 49135 324
31951 60981 340
40363 68794 340
7254 16870 276
6671 44186 324
27515 32760 285
11120 32431 308
38840 62945 340
1374 19121 279
19797 61916 340
31288 45207 324
35909 45364 314
47638 55861 340
13166 41829 324
507 28653 308
34151 49589 324
29452 31717 285
14541 22874 279
42781 74580 340
14948 58965 340
41438 85028 351
49229 69638 340
21527 36899 324
4425 47143 324
5845 39642 324
29456 47177 324
10638 52074 324
33837 36919 324
31396 74316 340
21941 25396 282
32677 79101 351
3808 6045 236
15404 34581 311
12998 35478 311
22603 71159 340
22313 37913 324
33242 49915 324
33042 63056 340
49734 91139 351
20502 70112 340
31077 17279 308
37760 5535 324
49440 39600 314
42155 18003 324
53009 26644 340
36572 5949 324
31575 19782 308
16148 10895 276
70063 30115 340
70931 39865 340
43620 26201 324
34960 32516 311
32298 21917 308
43119 26550 324
33576 19112 308
54491 24945 340
36918 26330 324
34719 19571 311
31078 25785 308
60557 31877 340
10000 19999 279
20000 29999 308
30000 39999 324
40000 49999 314
50000 59999 340
60000 69999 335
70000 79999 351
80000 89999 333
90000 99999 333
100000 109999 354
110000 119999 349
120000 129999 344
130000 139999 344
140000 149999 375
150000 159999 383
160000 169999 370
170000 179999 347
180000 189999 365
190000 199999 360
200000 209999 373
210000 219999 386
220000 229999 368
230000 239999 443
240000 249999 368
250000 259999 363
260000 269999 407
270000 279999 407
280000 289999 389
290000 299999 371
